[2019-04-16 06:59:52] local.ERROR: There is no column with name 'fullname' on table 'attendee'. {"exception":"[object] (Doctrine\\DBAL\\Schema\\SchemaException(code: 30): There is no column with name 'fullname' on table 'attendee'. at /home/waju/Projects/tac/vendor/doctrine/dbal/lib/Doctrine/DBAL/Schema/SchemaException.php:82)
[stacktrace]
#0 /home/waju/Projects/tac/vendor/doctrine/dbal/lib/Doctrine/DBAL/Schema/Table.php(658): Doctrine\\DBAL\\Schema\\SchemaException::columnDoesNotExist('fullname', 'attendee')
#1 /home/waju/Projects/tac/vendor/doctrine/dbal/lib/Doctrine/DBAL/Schema/Table.php(323): Doctrine\\DBAL\\Schema\\Table->getColumn('fullname')
#2 /home/waju/Projects/tac/vendor/laravel/framework/src/Illuminate/Database/Schema/Grammars/ChangeColumn.php(103): Doctrine\\DBAL\\Schema\\Table->changeColumn('fullname', Array)
#3 /home/waju/Projects/tac/vendor/laravel/framework/src/Illuminate/Database/Schema/Grammars/ChangeColumn.php(76): Illuminate\\Database\\Schema\\Grammars\\ChangeColumn::getDoctrineColumn(Object(Doctrine\\DBAL\\Schema\\Table), Object(Illuminate\\Database\\Schema\\ColumnDefinition))
#4 /home/waju/Projects/tac/vendor/laravel/framework/src/Illuminate/Database/Schema/Grammars/ChangeColumn.php(60): Illuminate\\Database\\Schema\\Grammars\\ChangeColumn::getTableWithColumnChanges(Object(Illuminate\\Database\\Schema\\Blueprint), Object(Doctrine\\DBAL\\Schema\\Table))
#5 /home/waju/Projects/tac/vendor/laravel/framework/src/Illuminate/Database/Schema/Grammars/ChangeColumn.php(37): Illuminate\\Database\\Schema\\Grammars\\ChangeColumn::getChangedDiff(Object(Illuminate\\Database\\Schema\\Grammars\\MySqlGrammar), Object(Illuminate\\Database\\Schema\\Blueprint), Object(Doctrine\\DBAL\\Schema\\MySqlSchemaManager))
#6 /home/waju/Projects/tac/vendor/laravel/framework/src/Illuminate/Database/Schema/Grammars/Grammar.php(54): Illuminate\\Database\\Schema\\Grammars\\ChangeColumn::compile(Object(Illuminate\\Database\\Schema\\Grammars\\MySqlGrammar), Object(Illuminate\\Database\\Schema\\Blueprint), Object(Illuminate\\Support\\Fluent), Object(Illuminate\\Database\\MySqlConnection))
#7 /home/waju/Projects/tac/vendor/laravel/framework/src/Illuminate/Database/Schema/Blueprint.php(123): Illuminate\\Database\\Schema\\Grammars\\Grammar->compileChange(Object(Illuminate\\Database\\Schema\\Blueprint), Object(Illuminate\\Support\\Fluent), Object(Illuminate\\Database\\MySqlConnection))
#8 /home/waju/Projects/tac/vendor/laravel/framework/src/Illuminate/Database/Schema/Blueprint.php(96): Illuminate\\Database\\Schema\\Blueprint->toSql(Object(Illuminate\\Database\\MySqlConnection), Object(Illuminate\\Database\\Schema\\Grammars\\MySqlGrammar))
#9 /home/waju/Projects/tac/vendor/laravel/framework/src/Illuminate/Database/Schema/Builder.php(264): Illuminate\\Database\\Schema\\Blueprint->build(Object(Illuminate\\Database\\MySqlConnection), Object(Illuminate\\Database\\Schema\\Grammars\\MySqlGrammar))
#10 /home/waju/Projects/tac/vendor/laravel/framework/src/Illuminate/Database/Schema/Builder.php(149): Illuminate\\Database\\Schema\\Builder->build(Object(Illuminate\\Database\\Schema\\Blueprint))
#11 /home/waju/Projects/tac/vendor/laravel/framework/src/Illuminate/Support/Facades/Facade.php(237): Illuminate\\Database\\Schema\\Builder->table('attendee', Object(Closure))
#12 /home/waju/Projects/tac/database/migrations/2019_04_16_063551_add_payment_type_to_attendee.php(25): Illuminate\\Support\\Facades\\Facade::__callStatic('table', Array)
#13 /home/waju/Projects/tac/vendor/laravel/framework/src/Illuminate/Database/Migrations/Migrator.php(360): AddPaymentTypeToAttendee->up()
#14 /home/waju/Projects/tac/vendor/laravel/framework/src/Illuminate/Database/Migrations/Migrator.php(367): Illuminate\\Database\\Migrations\\Migrator->Illuminate\\Database\\Migrations\\{closure}()
#15 /home/waju/Projects/tac/vendor/laravel/framework/src/Illuminate/Database/Migrations/Migrator.php(178): Illuminate\\Database\\Migrations\\Migrator->runMigration(Object(AddPaymentTypeToAttendee), 'up')
#16 /home/waju/Projects/tac/vendor/laravel/framework/src/Illuminate/Database/Migrations/Migrator.php(147): Illuminate\\Database\\Migrations\\Migrator->runUp('/home/waju/Proj...', 2, false)
#17 /home/waju/Projects/tac/vendor/laravel/framework/src/Illuminate/Database/Migrations/Migrator.php(96): Illuminate\\Database\\Migrations\\Migrator->runPending(Array, Array)
#18 /home/waju/Projects/tac/vendor/laravel/framework/src/Illuminate/Database/Console/Migrations/MigrateCommand.php(71): Illuminate\\Database\\Migrations\\Migrator->run(Array, Array)
#19 [internal function]: Illuminate\\Database\\Console\\Migrations\\MigrateCommand->handle()
#20 /home/waju/Projects/tac/vendor/laravel/framework/src/Illuminate/Container/BoundMethod.php(29): call_user_func_array(Array, Array)
#21 /home/waju/Projects/tac/vendor/laravel/framework/src/Illuminate/Container/BoundMethod.php(87): Illuminate\\Container\\BoundMethod::Illuminate\\Container\\{closure}()
#22 /home/waju/Projects/tac/vendor/laravel/framework/src/Illuminate/Container/BoundMethod.php(31): Illuminate\\Container\\BoundMethod::callBoundMethod(Object(Illuminate\\Foundation\\Application), Array, Object(Closure))
#23 /home/waju/Projects/tac/vendor/laravel/framework/src/Illuminate/Container/Container.php(572): Illuminate\\Container\\BoundMethod::call(Object(Illuminate\\Foundation\\Application), Array, Array, NULL)
#24 /home/waju/Projects/tac/vendor/laravel/framework/src/Illuminate/Console/Command.php(183): Illuminate\\Container\\Container->call(Array)
#25 /home/waju/Projects/tac/vendor/symfony/console/Command/Command.php(255): Illuminate\\Console\\Command->execute(Object(Symfony\\Component\\Console\\Input\\ArgvInput), Object(Illuminate\\Console\\OutputStyle))
#26 /home/waju/Projects/tac/vendor/laravel/framework/src/Illuminate/Console/Command.php(170): Symfony\\Component\\Console\\Command\\Command->run(Object(Symfony\\Component\\Console\\Input\\ArgvInput), Object(Illuminate\\Console\\OutputStyle))
#27 /home/waju/Projects/tac/vendor/symfony/console/Application.php(901): Illuminate\\Console\\Command->run(Object(Symfony\\Component\\Console\\Input\\ArgvInput), Object(Symfony\\Component\\Console\\Output\\ConsoleOutput))
#28 /home/waju/Projects/tac/vendor/symfony/console/Application.php(262): Symfony\\Component\\Console\\Application->doRunCommand(Object(Illuminate\\Database\\Console\\Migrations\\MigrateCommand), Object(Symfony\\Component\\Console\\Input\\ArgvInput), Object(Symfony\\Component\\Console\\Output\\ConsoleOutput))
#29 /home/waju/Projects/tac/vendor/symfony/console/Application.php(145): Symfony\\Component\\Console\\Application->doRun(Object(Symfony\\Component\\Console\\Input\\ArgvInput), Object(Symfony\\Component\\Console\\Output\\ConsoleOutput))
#30 /home/waju/Projects/tac/vendor/laravel/framework/src/Illuminate/Console/Application.php(89): Symfony\\Component\\Console\\Application->run(Object(Symfony\\Component\\Console\\Input\\ArgvInput), Object(Symfony\\Component\\Console\\Output\\ConsoleOutput))
#31 /home/waju/Projects/tac/vendor/laravel/framework/src/Illuminate/Foundation/Console/Kernel.php(122): Illuminate\\Console\\Application->run(Object(Symfony\\Component\\Console\\Input\\ArgvInput), Object(Symfony\\Component\\Console\\Output\\ConsoleOutput))
#32 /home/waju/Projects/tac/artisan(37): Illuminate\\Foundation\\Console\\Kernel->handle(Object(Symfony\\Component\\Console\\Input\\ArgvInput), Object(Symfony\\Component\\Console\\Output\\ConsoleOutput))
#33 {main}
"} 
[2019-04-16 07:08:38] local.ERROR: There is no column with name 'fullname' on table 'attendee'. {"exception":"[object] (Doctrine\\DBAL\\Schema\\SchemaException(code: 30): There is no column with name 'fullname' on table 'attendee'. at /home/waju/Projects/tac/vendor/doctrine/dbal/lib/Doctrine/DBAL/Schema/SchemaException.php:82)
[stacktrace]
#0 /home/waju/Projects/tac/vendor/doctrine/dbal/lib/Doctrine/DBAL/Schema/Table.php(658): Doctrine\\DBAL\\Schema\\SchemaException::columnDoesNotExist('fullname', 'attendee')
#1 /home/waju/Projects/tac/vendor/doctrine/dbal/lib/Doctrine/DBAL/Schema/Table.php(323): Doctrine\\DBAL\\Schema\\Table->getColumn('fullname')
#2 /home/waju/Projects/tac/vendor/laravel/framework/src/Illuminate/Database/Schema/Grammars/ChangeColumn.php(103): Doctrine\\DBAL\\Schema\\Table->changeColumn('fullname', Array)
#3 /home/waju/Projects/tac/vendor/laravel/framework/src/Illuminate/Database/Schema/Grammars/ChangeColumn.php(76): Illuminate\\Database\\Schema\\Grammars\\ChangeColumn::getDoctrineColumn(Object(Doctrine\\DBAL\\Schema\\Table), Object(Illuminate\\Database\\Schema\\ColumnDefinition))
#4 /home/waju/Projects/tac/vendor/laravel/framework/src/Illuminate/Database/Schema/Grammars/ChangeColumn.php(60): Illuminate\\Database\\Schema\\Grammars\\ChangeColumn::getTableWithColumnChanges(Object(Illuminate\\Database\\Schema\\Blueprint), Object(Doctrine\\DBAL\\Schema\\Table))
#5 /home/waju/Projects/tac/vendor/laravel/framework/src/Illuminate/Database/Schema/Grammars/ChangeColumn.php(37): Illuminate\\Database\\Schema\\Grammars\\ChangeColumn::getChangedDiff(Object(Illuminate\\Database\\Schema\\Grammars\\MySqlGrammar), Object(Illuminate\\Database\\Schema\\Blueprint), Object(Doctrine\\DBAL\\Schema\\MySqlSchemaManager))
#6 /home/waju/Projects/tac/vendor/laravel/framework/src/Illuminate/Database/Schema/Grammars/Grammar.php(54): Illuminate\\Database\\Schema\\Grammars\\ChangeColumn::compile(Object(Illuminate\\Database\\Schema\\Grammars\\MySqlGrammar), Object(Illuminate\\Database\\Schema\\Blueprint), Object(Illuminate\\Support\\Fluent), Object(Illuminate\\Database\\MySqlConnection))
#7 /home/waju/Projects/tac/vendor/laravel/framework/src/Illuminate/Database/Schema/Blueprint.php(123): Illuminate\\Database\\Schema\\Grammars\\Grammar->compileChange(Object(Illuminate\\Database\\Schema\\Blueprint), Object(Illuminate\\Support\\Fluent), Object(Illuminate\\Database\\MySqlConnection))
#8 /home/waju/Projects/tac/vendor/laravel/framework/src/Illuminate/Database/Schema/Blueprint.php(96): Illuminate\\Database\\Schema\\Blueprint->toSql(Object(Illuminate\\Database\\MySqlConnection), Object(Illuminate\\Database\\Schema\\Grammars\\MySqlGrammar))
#9 /home/waju/Projects/tac/vendor/laravel/framework/src/Illuminate/Database/Schema/Builder.php(264): Illuminate\\Database\\Schema\\Blueprint->build(Object(Illuminate\\Database\\MySqlConnection), Object(Illuminate\\Database\\Schema\\Grammars\\MySqlGrammar))
#10 /home/waju/Projects/tac/vendor/laravel/framework/src/Illuminate/Database/Schema/Builder.php(149): Illuminate\\Database\\Schema\\Builder->build(Object(Illuminate\\Database\\Schema\\Blueprint))
#11 /home/waju/Projects/tac/vendor/laravel/framework/src/Illuminate/Support/Facades/Facade.php(237): Illuminate\\Database\\Schema\\Builder->table('attendee', Object(Closure))
#12 /home/waju/Projects/tac/database/migrations/2019_04_16_063551_add_payment_type_to_attendee.php(24): Illuminate\\Support\\Facades\\Facade::__callStatic('table', Array)
#13 /home/waju/Projects/tac/vendor/laravel/framework/src/Illuminate/Database/Migrations/Migrator.php(360): AddPaymentTypeToAttendee->up()
#14 /home/waju/Projects/tac/vendor/laravel/framework/src/Illuminate/Database/Migrations/Migrator.php(367): Illuminate\\Database\\Migrations\\Migrator->Illuminate\\Database\\Migrations\\{closure}()
#15 /home/waju/Projects/tac/vendor/laravel/framework/src/Illuminate/Database/Migrations/Migrator.php(178): Illuminate\\Database\\Migrations\\Migrator->runMigration(Object(AddPaymentTypeToAttendee), 'up')
#16 /home/waju/Projects/tac/vendor/laravel/framework/src/Illuminate/Database/Migrations/Migrator.php(147): Illuminate\\Database\\Migrations\\Migrator->runUp('/home/waju/Proj...', 2, false)
#17 /home/waju/Projects/tac/vendor/laravel/framework/src/Illuminate/Database/Migrations/Migrator.php(96): Illuminate\\Database\\Migrations\\Migrator->runPending(Array, Array)
#18 /home/waju/Projects/tac/vendor/laravel/framework/src/Illuminate/Database/Console/Migrations/MigrateCommand.php(71): Illuminate\\Database\\Migrations\\Migrator->run(Array, Array)
#19 [internal function]: Illuminate\\Database\\Console\\Migrations\\MigrateCommand->handle()
#20 /home/waju/Projects/tac/vendor/laravel/framework/src/Illuminate/Container/BoundMethod.php(29): call_user_func_array(Array, Array)
#21 /home/waju/Projects/tac/vendor/laravel/framework/src/Illuminate/Container/BoundMethod.php(87): Illuminate\\Container\\BoundMethod::Illuminate\\Container\\{closure}()
#22 /home/waju/Projects/tac/vendor/laravel/framework/src/Illuminate/Container/BoundMethod.php(31): Illuminate\\Container\\BoundMethod::callBoundMethod(Object(Illuminate\\Foundation\\Application), Array, Object(Closure))
#23 /home/waju/Projects/tac/vendor/laravel/framework/src/Illuminate/Container/Container.php(572): Illuminate\\Container\\BoundMethod::call(Object(Illuminate\\Foundation\\Application), Array, Array, NULL)
#24 /home/waju/Projects/tac/vendor/laravel/framework/src/Illuminate/Console/Command.php(183): Illuminate\\Container\\Container->call(Array)
#25 /home/waju/Projects/tac/vendor/symfony/console/Command/Command.php(255): Illuminate\\Console\\Command->execute(Object(Symfony\\Component\\Console\\Input\\ArgvInput), Object(Illuminate\\Console\\OutputStyle))
#26 /home/waju/Projects/tac/vendor/laravel/framework/src/Illuminate/Console/Command.php(170): Symfony\\Component\\Console\\Command\\Command->run(Object(Symfony\\Component\\Console\\Input\\ArgvInput), Object(Illuminate\\Console\\OutputStyle))
#27 /home/waju/Projects/tac/vendor/symfony/console/Application.php(901): Illuminate\\Console\\Command->run(Object(Symfony\\Component\\Console\\Input\\ArgvInput), Object(Symfony\\Component\\Console\\Output\\ConsoleOutput))
#28 /home/waju/Projects/tac/vendor/symfony/console/Application.php(262): Symfony\\Component\\Console\\Application->doRunCommand(Object(Illuminate\\Database\\Console\\Migrations\\MigrateCommand), Object(Symfony\\Component\\Console\\Input\\ArgvInput), Object(Symfony\\Component\\Console\\Output\\ConsoleOutput))
#29 /home/waju/Projects/tac/vendor/symfony/console/Application.php(145): Symfony\\Component\\Console\\Application->doRun(Object(Symfony\\Component\\Console\\Input\\ArgvInput), Object(Symfony\\Component\\Console\\Output\\ConsoleOutput))
#30 /home/waju/Projects/tac/vendor/laravel/framework/src/Illuminate/Console/Application.php(89): Symfony\\Component\\Console\\Application->run(Object(Symfony\\Component\\Console\\Input\\ArgvInput), Object(Symfony\\Component\\Console\\Output\\ConsoleOutput))
#31 /home/waju/Projects/tac/vendor/laravel/framework/src/Illuminate/Foundation/Console/Kernel.php(122): Illuminate\\Console\\Application->run(Object(Symfony\\Component\\Console\\Input\\ArgvInput), Object(Symfony\\Component\\Console\\Output\\ConsoleOutput))
#32 /home/waju/Projects/tac/artisan(37): Illuminate\\Foundation\\Console\\Kernel->handle(Object(Symfony\\Component\\Console\\Input\\ArgvInput), Object(Symfony\\Component\\Console\\Output\\ConsoleOutput))
#33 {main}
"} 
[2019-04-16 07:08:56] local.ERROR: There is no column with name 'phone' on table 'attendee'. {"exception":"[object] (Doctrine\\DBAL\\Schema\\SchemaException(code: 30): There is no column with name 'phone' on table 'attendee'. at /home/waju/Projects/tac/vendor/doctrine/dbal/lib/Doctrine/DBAL/Schema/SchemaException.php:82)
[stacktrace]
#0 /home/waju/Projects/tac/vendor/doctrine/dbal/lib/Doctrine/DBAL/Schema/Table.php(658): Doctrine\\DBAL\\Schema\\SchemaException::columnDoesNotExist('phone', 'attendee')
#1 /home/waju/Projects/tac/vendor/doctrine/dbal/lib/Doctrine/DBAL/Schema/Table.php(323): Doctrine\\DBAL\\Schema\\Table->getColumn('phone')
#2 /home/waju/Projects/tac/vendor/laravel/framework/src/Illuminate/Database/Schema/Grammars/ChangeColumn.php(103): Doctrine\\DBAL\\Schema\\Table->changeColumn('phone', Array)
#3 /home/waju/Projects/tac/vendor/laravel/framework/src/Illuminate/Database/Schema/Grammars/ChangeColumn.php(76): Illuminate\\Database\\Schema\\Grammars\\ChangeColumn::getDoctrineColumn(Object(Doctrine\\DBAL\\Schema\\Table), Object(Illuminate\\Database\\Schema\\ColumnDefinition))
#4 /home/waju/Projects/tac/vendor/laravel/framework/src/Illuminate/Database/Schema/Grammars/ChangeColumn.php(60): Illuminate\\Database\\Schema\\Grammars\\ChangeColumn::getTableWithColumnChanges(Object(Illuminate\\Database\\Schema\\Blueprint), Object(Doctrine\\DBAL\\Schema\\Table))
#5 /home/waju/Projects/tac/vendor/laravel/framework/src/Illuminate/Database/Schema/Grammars/ChangeColumn.php(37): Illuminate\\Database\\Schema\\Grammars\\ChangeColumn::getChangedDiff(Object(Illuminate\\Database\\Schema\\Grammars\\MySqlGrammar), Object(Illuminate\\Database\\Schema\\Blueprint), Object(Doctrine\\DBAL\\Schema\\MySqlSchemaManager))
#6 /home/waju/Projects/tac/vendor/laravel/framework/src/Illuminate/Database/Schema/Grammars/Grammar.php(54): Illuminate\\Database\\Schema\\Grammars\\ChangeColumn::compile(Object(Illuminate\\Database\\Schema\\Grammars\\MySqlGrammar), Object(Illuminate\\Database\\Schema\\Blueprint), Object(Illuminate\\Support\\Fluent), Object(Illuminate\\Database\\MySqlConnection))
#7 /home/waju/Projects/tac/vendor/laravel/framework/src/Illuminate/Database/Schema/Blueprint.php(123): Illuminate\\Database\\Schema\\Grammars\\Grammar->compileChange(Object(Illuminate\\Database\\Schema\\Blueprint), Object(Illuminate\\Support\\Fluent), Object(Illuminate\\Database\\MySqlConnection))
#8 /home/waju/Projects/tac/vendor/laravel/framework/src/Illuminate/Database/Schema/Blueprint.php(96): Illuminate\\Database\\Schema\\Blueprint->toSql(Object(Illuminate\\Database\\MySqlConnection), Object(Illuminate\\Database\\Schema\\Grammars\\MySqlGrammar))
#9 /home/waju/Projects/tac/vendor/laravel/framework/src/Illuminate/Database/Schema/Builder.php(264): Illuminate\\Database\\Schema\\Blueprint->build(Object(Illuminate\\Database\\MySqlConnection), Object(Illuminate\\Database\\Schema\\Grammars\\MySqlGrammar))
#10 /home/waju/Projects/tac/vendor/laravel/framework/src/Illuminate/Database/Schema/Builder.php(149): Illuminate\\Database\\Schema\\Builder->build(Object(Illuminate\\Database\\Schema\\Blueprint))
#11 /home/waju/Projects/tac/vendor/laravel/framework/src/Illuminate/Support/Facades/Facade.php(237): Illuminate\\Database\\Schema\\Builder->table('attendee', Object(Closure))
#12 /home/waju/Projects/tac/database/migrations/2019_04_16_063551_add_payment_type_to_attendee.php(24): Illuminate\\Support\\Facades\\Facade::__callStatic('table', Array)
#13 /home/waju/Projects/tac/vendor/laravel/framework/src/Illuminate/Database/Migrations/Migrator.php(360): AddPaymentTypeToAttendee->up()
#14 /home/waju/Projects/tac/vendor/laravel/framework/src/Illuminate/Database/Migrations/Migrator.php(367): Illuminate\\Database\\Migrations\\Migrator->Illuminate\\Database\\Migrations\\{closure}()
#15 /home/waju/Projects/tac/vendor/laravel/framework/src/Illuminate/Database/Migrations/Migrator.php(178): Illuminate\\Database\\Migrations\\Migrator->runMigration(Object(AddPaymentTypeToAttendee), 'up')
#16 /home/waju/Projects/tac/vendor/laravel/framework/src/Illuminate/Database/Migrations/Migrator.php(147): Illuminate\\Database\\Migrations\\Migrator->runUp('/home/waju/Proj...', 2, false)
#17 /home/waju/Projects/tac/vendor/laravel/framework/src/Illuminate/Database/Migrations/Migrator.php(96): Illuminate\\Database\\Migrations\\Migrator->runPending(Array, Array)
#18 /home/waju/Projects/tac/vendor/laravel/framework/src/Illuminate/Database/Console/Migrations/MigrateCommand.php(71): Illuminate\\Database\\Migrations\\Migrator->run(Array, Array)
#19 [internal function]: Illuminate\\Database\\Console\\Migrations\\MigrateCommand->handle()
#20 /home/waju/Projects/tac/vendor/laravel/framework/src/Illuminate/Container/BoundMethod.php(29): call_user_func_array(Array, Array)
#21 /home/waju/Projects/tac/vendor/laravel/framework/src/Illuminate/Container/BoundMethod.php(87): Illuminate\\Container\\BoundMethod::Illuminate\\Container\\{closure}()
#22 /home/waju/Projects/tac/vendor/laravel/framework/src/Illuminate/Container/BoundMethod.php(31): Illuminate\\Container\\BoundMethod::callBoundMethod(Object(Illuminate\\Foundation\\Application), Array, Object(Closure))
#23 /home/waju/Projects/tac/vendor/laravel/framework/src/Illuminate/Container/Container.php(572): Illuminate\\Container\\BoundMethod::call(Object(Illuminate\\Foundation\\Application), Array, Array, NULL)
#24 /home/waju/Projects/tac/vendor/laravel/framework/src/Illuminate/Console/Command.php(183): Illuminate\\Container\\Container->call(Array)
#25 /home/waju/Projects/tac/vendor/symfony/console/Command/Command.php(255): Illuminate\\Console\\Command->execute(Object(Symfony\\Component\\Console\\Input\\ArgvInput), Object(Illuminate\\Console\\OutputStyle))
#26 /home/waju/Projects/tac/vendor/laravel/framework/src/Illuminate/Console/Command.php(170): Symfony\\Component\\Console\\Command\\Command->run(Object(Symfony\\Component\\Console\\Input\\ArgvInput), Object(Illuminate\\Console\\OutputStyle))
#27 /home/waju/Projects/tac/vendor/symfony/console/Application.php(901): Illuminate\\Console\\Command->run(Object(Symfony\\Component\\Console\\Input\\ArgvInput), Object(Symfony\\Component\\Console\\Output\\ConsoleOutput))
#28 /home/waju/Projects/tac/vendor/symfony/console/Application.php(262): Symfony\\Component\\Console\\Application->doRunCommand(Object(Illuminate\\Database\\Console\\Migrations\\MigrateCommand), Object(Symfony\\Component\\Console\\Input\\ArgvInput), Object(Symfony\\Component\\Console\\Output\\ConsoleOutput))
#29 /home/waju/Projects/tac/vendor/symfony/console/Application.php(145): Symfony\\Component\\Console\\Application->doRun(Object(Symfony\\Component\\Console\\Input\\ArgvInput), Object(Symfony\\Component\\Console\\Output\\ConsoleOutput))
#30 /home/waju/Projects/tac/vendor/laravel/framework/src/Illuminate/Console/Application.php(89): Symfony\\Component\\Console\\Application->run(Object(Symfony\\Component\\Console\\Input\\ArgvInput), Object(Symfony\\Component\\Console\\Output\\ConsoleOutput))
#31 /home/waju/Projects/tac/vendor/laravel/framework/src/Illuminate/Foundation/Console/Kernel.php(122): Illuminate\\Console\\Application->run(Object(Symfony\\Component\\Console\\Input\\ArgvInput), Object(Symfony\\Component\\Console\\Output\\ConsoleOutput))
#32 /home/waju/Projects/tac/artisan(37): Illuminate\\Foundation\\Console\\Kernel->handle(Object(Symfony\\Component\\Console\\Input\\ArgvInput), Object(Symfony\\Component\\Console\\Output\\ConsoleOutput))
#33 {main}
"} 
[2019-04-16 07:09:27] local.ERROR: SQLSTATE[42S02]: Base table or view not found: 1146 Table 'tac.attendee' doesn't exist (SQL: alter table `attendee` add `amount` varchar(191) null) {"exception":"[object] (Illuminate\\Database\\QueryException(code: 42S02): SQLSTATE[42S02]: Base table or view not found: 1146 Table 'tac.attendee' doesn't exist (SQL: alter table `attendee` add `amount` varchar(191) null) at /home/waju/Projects/tac/vendor/laravel/framework/src/Illuminate/Database/Connection.php:664, Doctrine\\DBAL\\Driver\\PDOException(code: 42S02): SQLSTATE[42S02]: Base table or view not found: 1146 Table 'tac.attendee' doesn't exist at /home/waju/Projects/tac/vendor/doctrine/dbal/lib/Doctrine/DBAL/Driver/PDOStatement.php:119, PDOException(code: 42S02): SQLSTATE[42S02]: Base table or view not found: 1146 Table 'tac.attendee' doesn't exist at /home/waju/Projects/tac/vendor/doctrine/dbal/lib/Doctrine/DBAL/Driver/PDOStatement.php:117)
[stacktrace]
#0 /home/waju/Projects/tac/vendor/laravel/framework/src/Illuminate/Database/Connection.php(624): Illuminate\\Database\\Connection->runQueryCallback('alter table `at...', Array, Object(Closure))
#1 /home/waju/Projects/tac/vendor/laravel/framework/src/Illuminate/Database/Connection.php(459): Illuminate\\Database\\Connection->run('alter table `at...', Array, Object(Closure))
#2 /home/waju/Projects/tac/vendor/laravel/framework/src/Illuminate/Database/Schema/Blueprint.php(97): Illuminate\\Database\\Connection->statement('alter table `at...')
#3 /home/waju/Projects/tac/vendor/laravel/framework/src/Illuminate/Database/Schema/Builder.php(264): Illuminate\\Database\\Schema\\Blueprint->build(Object(Illuminate\\Database\\MySqlConnection), Object(Illuminate\\Database\\Schema\\Grammars\\MySqlGrammar))
#4 /home/waju/Projects/tac/vendor/laravel/framework/src/Illuminate/Database/Schema/Builder.php(149): Illuminate\\Database\\Schema\\Builder->build(Object(Illuminate\\Database\\Schema\\Blueprint))
#5 /home/waju/Projects/tac/vendor/laravel/framework/src/Illuminate/Support/Facades/Facade.php(237): Illuminate\\Database\\Schema\\Builder->table('attendee', Object(Closure))
#6 /home/waju/Projects/tac/database/migrations/2019_04_16_063551_add_payment_type_to_attendee.php(18): Illuminate\\Support\\Facades\\Facade::__callStatic('table', Array)
#7 /home/waju/Projects/tac/vendor/laravel/framework/src/Illuminate/Database/Migrations/Migrator.php(360): AddPaymentTypeToAttendee->up()
#8 /home/waju/Projects/tac/vendor/laravel/framework/src/Illuminate/Database/Migrations/Migrator.php(367): Illuminate\\Database\\Migrations\\Migrator->Illuminate\\Database\\Migrations\\{closure}()
#9 /home/waju/Projects/tac/vendor/laravel/framework/src/Illuminate/Database/Migrations/Migrator.php(178): Illuminate\\Database\\Migrations\\Migrator->runMigration(Object(AddPaymentTypeToAttendee), 'up')
#10 /home/waju/Projects/tac/vendor/laravel/framework/src/Illuminate/Database/Migrations/Migrator.php(147): Illuminate\\Database\\Migrations\\Migrator->runUp('/home/waju/Proj...', 2, false)
#11 /home/waju/Projects/tac/vendor/laravel/framework/src/Illuminate/Database/Migrations/Migrator.php(96): Illuminate\\Database\\Migrations\\Migrator->runPending(Array, Array)
#12 /home/waju/Projects/tac/vendor/laravel/framework/src/Illuminate/Database/Console/Migrations/MigrateCommand.php(71): Illuminate\\Database\\Migrations\\Migrator->run(Array, Array)
#13 [internal function]: Illuminate\\Database\\Console\\Migrations\\MigrateCommand->handle()
#14 /home/waju/Projects/tac/vendor/laravel/framework/src/Illuminate/Container/BoundMethod.php(29): call_user_func_array(Array, Array)
#15 /home/waju/Projects/tac/vendor/laravel/framework/src/Illuminate/Container/BoundMethod.php(87): Illuminate\\Container\\BoundMethod::Illuminate\\Container\\{closure}()
#16 /home/waju/Projects/tac/vendor/laravel/framework/src/Illuminate/Container/BoundMethod.php(31): Illuminate\\Container\\BoundMethod::callBoundMethod(Object(Illuminate\\Foundation\\Application), Array, Object(Closure))
#17 /home/waju/Projects/tac/vendor/laravel/framework/src/Illuminate/Container/Container.php(572): Illuminate\\Container\\BoundMethod::call(Object(Illuminate\\Foundation\\Application), Array, Array, NULL)
#18 /home/waju/Projects/tac/vendor/laravel/framework/src/Illuminate/Console/Command.php(183): Illuminate\\Container\\Container->call(Array)
#19 /home/waju/Projects/tac/vendor/symfony/console/Command/Command.php(255): Illuminate\\Console\\Command->execute(Object(Symfony\\Component\\Console\\Input\\ArgvInput), Object(Illuminate\\Console\\OutputStyle))
#20 /home/waju/Projects/tac/vendor/laravel/framework/src/Illuminate/Console/Command.php(170): Symfony\\Component\\Console\\Command\\Command->run(Object(Symfony\\Component\\Console\\Input\\ArgvInput), Object(Illuminate\\Console\\OutputStyle))
#21 /home/waju/Projects/tac/vendor/symfony/console/Application.php(901): Illuminate\\Console\\Command->run(Object(Symfony\\Component\\Console\\Input\\ArgvInput), Object(Symfony\\Component\\Console\\Output\\ConsoleOutput))
#22 /home/waju/Projects/tac/vendor/symfony/console/Application.php(262): Symfony\\Component\\Console\\Application->doRunCommand(Object(Illuminate\\Database\\Console\\Migrations\\MigrateCommand), Object(Symfony\\Component\\Console\\Input\\ArgvInput), Object(Symfony\\Component\\Console\\Output\\ConsoleOutput))
#23 /home/waju/Projects/tac/vendor/symfony/console/Application.php(145): Symfony\\Component\\Console\\Application->doRun(Object(Symfony\\Component\\Console\\Input\\ArgvInput), Object(Symfony\\Component\\Console\\Output\\ConsoleOutput))
#24 /home/waju/Projects/tac/vendor/laravel/framework/src/Illuminate/Console/Application.php(89): Symfony\\Component\\Console\\Application->run(Object(Symfony\\Component\\Console\\Input\\ArgvInput), Object(Symfony\\Component\\Console\\Output\\ConsoleOutput))
#25 /home/waju/Projects/tac/vendor/laravel/framework/src/Illuminate/Foundation/Console/Kernel.php(122): Illuminate\\Console\\Application->run(Object(Symfony\\Component\\Console\\Input\\ArgvInput), Object(Symfony\\Component\\Console\\Output\\ConsoleOutput))
#26 /home/waju/Projects/tac/artisan(37): Illuminate\\Foundation\\Console\\Kernel->handle(Object(Symfony\\Component\\Console\\Input\\ArgvInput), Object(Symfony\\Component\\Console\\Output\\ConsoleOutput))
#27 {main}
"} 
